{"uid":"7f79f8ce3771e984","name":"Upload file test","fullName":"tests.elements_test.TestUploadAndDownloadPage#test_upload_file","historyId":"2a56a344149d77d0e16243e528a90b23","time":{"start":1746944054360,"stop":1746944056896,"duration":2536},"status":"failed","statusMessage":"AssertionError: Ожидалось: 78.txt, загружено: C:\\fakepath\\78.txt\nassert '78.txt' == 'C:\\\\fakepath\\\\78.txt'\n  \n  - C:\\fakepath\\78.txt\n  + 78.txt","statusTrace":"self = <elements_test.TestElementsPage.TestUploadAndDownloadPage object at 0x7fd51189f3b0>\ndriver = <selenium.webdriver.chrome.webdriver.WebDriver (session=\"60283813dae1c024ee8b36a04f23c234\")>\n\n    @allure.title(\"Upload file test\")\n    # @pytest.mark.usefixtures(\"chrome_only\")\n    def test_upload_file(self, driver):\n        upload_page = UploadAndDownloadPage(driver, 'https://demoqa.com/upload-download')\n        upload_page.open()\n        expected_name = upload_page.upload_file()\n        actual_name = upload_page.get_uploaded_file_name()\n>       assert expected_name == actual_name, \\\n            f\"Ожидалось: {expected_name}, загружено: {actual_name}\"\nE       AssertionError: Ожидалось: 78.txt, загружено: C:\\fakepath\\78.txt\nE       assert '78.txt' == 'C:\\\\fakepath\\\\78.txt'\nE         \nE         - C:\\fakepath\\78.txt\nE         + 78.txt\n\ntests/elements_test.py:160: AssertionError","flaky":false,"newFailed":false,"newBroken":false,"newPassed":false,"retriesCount":0,"retriesStatusChange":false,"beforeStages":[{"name":"_session_faker","time":{"start":1746943642525,"stop":1746943642541,"duration":16},"status":"passed","steps":[],"attachments":[],"parameters":[],"shouldDisplayMessage":false,"stepsCount":0,"attachmentsCount":0,"hasContent":false},{"name":"driver","time":{"start":1746944053986,"stop":1746944054360,"duration":374},"status":"passed","steps":[],"attachments":[],"parameters":[],"shouldDisplayMessage":false,"stepsCount":0,"attachmentsCount":0,"hasContent":false}],"testStage":{"status":"failed","statusMessage":"AssertionError: Ожидалось: 78.txt, загружено: C:\\fakepath\\78.txt\nassert '78.txt' == 'C:\\\\fakepath\\\\78.txt'\n  \n  - C:\\fakepath\\78.txt\n  + 78.txt","statusTrace":"self = <elements_test.TestElementsPage.TestUploadAndDownloadPage object at 0x7fd51189f3b0>\ndriver = <selenium.webdriver.chrome.webdriver.WebDriver (session=\"60283813dae1c024ee8b36a04f23c234\")>\n\n    @allure.title(\"Upload file test\")\n    # @pytest.mark.usefixtures(\"chrome_only\")\n    def test_upload_file(self, driver):\n        upload_page = UploadAndDownloadPage(driver, 'https://demoqa.com/upload-download')\n        upload_page.open()\n        expected_name = upload_page.upload_file()\n        actual_name = upload_page.get_uploaded_file_name()\n>       assert expected_name == actual_name, \\\n            f\"Ожидалось: {expected_name}, загружено: {actual_name}\"\nE       AssertionError: Ожидалось: 78.txt, загружено: C:\\fakepath\\78.txt\nE       assert '78.txt' == 'C:\\\\fakepath\\\\78.txt'\nE         \nE         - C:\\fakepath\\78.txt\nE         + 78.txt\n\ntests/elements_test.py:160: AssertionError","steps":[{"name":"Uploading generated file","time":{"start":1746944055716,"stop":1746944056786,"duration":1070},"status":"passed","steps":[],"attachments":[],"parameters":[],"shouldDisplayMessage":false,"stepsCount":0,"attachmentsCount":0,"hasContent":false},{"name":"Getting uploaded file name from page","time":{"start":1746944056786,"stop":1746944056895,"duration":109},"status":"passed","steps":[],"attachments":[],"parameters":[],"shouldDisplayMessage":false,"stepsCount":0,"attachmentsCount":0,"hasContent":false}],"attachments":[],"parameters":[],"shouldDisplayMessage":true,"stepsCount":2,"attachmentsCount":0,"hasContent":true},"afterStages":[{"name":"driver::0","time":{"start":1746944056904,"stop":1746944056989,"duration":85},"status":"passed","steps":[],"attachments":[],"parameters":[],"shouldDisplayMessage":false,"stepsCount":0,"attachmentsCount":0,"hasContent":false}],"labels":[{"name":"suite","value":"Elements Page"},{"name":"feature","value":"Upload and Download"},{"name":"parentSuite","value":"tests"},{"name":"subSuite","value":"TestElementsPage"},{"name":"host","value":"pkrvmberfyhpb9w"},{"name":"thread","value":"2423-MainThread"},{"name":"framework","value":"pytest"},{"name":"language","value":"cpython3"},{"name":"package","value":"tests.elements_test"},{"name":"resultFormat","value":"allure2"}],"parameters":[],"links":[],"hidden":false,"retry":false,"extra":{"severity":"normal","retries":[],"categories":[{"name":"Product defects","matchedStatuses":[],"flaky":false}],"tags":[]},"source":"7f79f8ce3771e984.json","parameterValues":[]}